2019-06-21 11:39:14,323 INFO o.a.j.u.JMeterUtils: Setting Locale to en_EN
2019-06-21 11:39:14,366 INFO o.a.j.JMeter: Loading user properties from: C:\apache-jmeter-5.0\apache-jmeter-5.0\bin\user.properties
2019-06-21 11:39:14,368 INFO o.a.j.JMeter: Loading system properties from: C:\apache-jmeter-5.0\apache-jmeter-5.0\bin\system.properties
2019-06-21 11:39:14,368 INFO o.a.j.JMeter: Setting JMeter property: jmeter.save.saveservice.output_format=xml
2019-06-21 11:39:14,393 INFO o.a.j.JMeter: Copyright (c) 1998-2018 The Apache Software Foundation
2019-06-21 11:39:14,393 INFO o.a.j.JMeter: Version 5.0 r1840935
2019-06-21 11:39:14,393 INFO o.a.j.JMeter: java.version=1.8.0_181
2019-06-21 11:39:14,393 INFO o.a.j.JMeter: java.vm.name=Java HotSpot(TM) 64-Bit Server VM
2019-06-21 11:39:14,393 INFO o.a.j.JMeter: os.name=Windows Server 2008 R2
2019-06-21 11:39:14,393 INFO o.a.j.JMeter: os.arch=amd64
2019-06-21 11:39:14,393 INFO o.a.j.JMeter: os.version=6.1
2019-06-21 11:39:14,393 INFO o.a.j.JMeter: file.encoding=Cp1252
2019-06-21 11:39:14,396 INFO o.a.j.JMeter: Max memory     =1073741824
2019-06-21 11:39:14,396 INFO o.a.j.JMeter: Available Processors =4
2019-06-21 11:39:14,411 INFO o.a.j.JMeter: Default Locale=English (EN)
2019-06-21 11:39:14,413 INFO o.a.j.JMeter: JMeter  Locale=English (EN)
2019-06-21 11:39:14,413 INFO o.a.j.JMeter: JMeterHome=C:\apache-jmeter-5.0\apache-jmeter-5.0
2019-06-21 11:39:14,413 INFO o.a.j.JMeter: user.dir  =C:\siemensdevops1
2019-06-21 11:39:14,413 INFO o.a.j.JMeter: PWD       =C:\siemensdevops1
2019-06-21 11:39:14,418 INFO o.a.j.JMeter: IP: 192.168.10.126 Name: oracle-adf12 FullName: oracle-adf12.vinsys.com
2019-06-21 11:39:14,428 INFO o.a.j.s.FileServer: Default base='C:\siemensdevops1'
2019-06-21 11:39:14,443 INFO o.a.j.s.FileServer: Set new base='C:\siemensdevops1'
2019-06-21 11:39:14,906 INFO o.a.j.s.SaveService: Testplan (JMX) version: 2.2. Testlog (JTL) version: 2.2
2019-06-21 11:39:14,951 INFO o.a.j.s.SaveService: Using SaveService properties file encoding UTF-8
2019-06-21 11:39:14,966 INFO o.a.j.s.SaveService: Using SaveService properties version 5.0
2019-06-21 11:39:14,983 INFO o.a.j.s.SaveService: Loading file: testplan.jmx
2019-06-21 11:39:15,133 INFO o.a.j.p.h.s.HTTPSamplerBase: Parser for text/html is org.apache.jmeter.protocol.http.parser.LagartoBasedHtmlParser
2019-06-21 11:39:15,133 INFO o.a.j.p.h.s.HTTPSamplerBase: Parser for application/xhtml+xml is org.apache.jmeter.protocol.http.parser.LagartoBasedHtmlParser
2019-06-21 11:39:15,133 INFO o.a.j.p.h.s.HTTPSamplerBase: Parser for application/xml is org.apache.jmeter.protocol.http.parser.LagartoBasedHtmlParser
2019-06-21 11:39:15,133 INFO o.a.j.p.h.s.HTTPSamplerBase: Parser for text/xml is org.apache.jmeter.protocol.http.parser.LagartoBasedHtmlParser
2019-06-21 11:39:15,133 INFO o.a.j.p.h.s.HTTPSamplerBase: Parser for text/vnd.wap.wml is org.apache.jmeter.protocol.http.parser.RegexpHTMLParser
2019-06-21 11:39:15,133 INFO o.a.j.p.h.s.HTTPSamplerBase: Parser for text/css is org.apache.jmeter.protocol.http.parser.CssParser
2019-06-21 11:39:15,201 INFO o.a.j.JMeter: Creating summariser <summary>
2019-06-21 11:39:15,226 INFO o.a.j.e.StandardJMeterEngine: Running the test!
2019-06-21 11:39:15,226 INFO o.a.j.s.SampleEvent: List of sample_variables: []
2019-06-21 11:39:15,226 INFO o.a.j.s.SampleEvent: List of sample_variables: []
2019-06-21 11:39:15,243 INFO o.a.j.e.u.CompoundVariable: Note: Function class names must contain the string: '.functions.'
2019-06-21 11:39:15,243 INFO o.a.j.e.u.CompoundVariable: Note: Function class names must not contain the string: '.gui.'
2019-06-21 11:39:16,148 INFO o.a.j.JMeter: Running test (1561097356148)
2019-06-21 11:39:16,278 INFO o.a.j.e.StandardJMeterEngine: Starting ThreadGroup: 1 : Thread Group
2019-06-21 11:39:16,278 INFO o.a.j.e.StandardJMeterEngine: Starting 100 threads for group Thread Group.
2019-06-21 11:39:16,278 INFO o.a.j.e.StandardJMeterEngine: Thread will continue on error
2019-06-21 11:39:16,281 INFO o.a.j.t.ThreadGroup: Starting thread group... number=1 threads=100 ramp-up=1 perThread=10.0 delayedStart=false
2019-06-21 11:39:16,308 INFO o.a.j.t.JMeterThread: Thread started: Thread Group 1-1
2019-06-21 11:39:16,318 INFO o.a.j.t.JMeterThread: Thread started: Thread Group 1-2
2019-06-21 11:39:16,328 INFO o.a.j.t.JMeterThread: Thread started: Thread Group 1-3
2019-06-21 11:39:16,353 INFO o.a.j.t.JMeterThread: Thread started: Thread Group 1-4
2019-06-21 11:39:16,368 INFO o.a.j.t.JMeterThread: Thread started: Thread Group 1-5
2019-06-21 11:39:16,373 INFO o.a.j.t.JMeterThread: Thread started: Thread Group 1-6
2019-06-21 11:39:16,376 INFO o.a.j.t.JMeterThread: Thread started: Thread Group 1-7
2019-06-21 11:39:16,396 INFO o.a.j.p.h.s.HTTPHCAbstractImpl: Local host = oracle-adf12
2019-06-21 11:39:16,411 INFO o.a.j.t.JMeterThread: Thread started: Thread Group 1-8
2019-06-21 11:39:16,416 INFO o.a.j.t.JMeterThread: Thread started: Thread Group 1-10
2019-06-21 11:39:16,421 INFO o.a.j.t.JMeterThread: Thread started: Thread Group 1-9
2019-06-21 11:39:16,423 INFO o.a.j.p.h.s.HTTPHC4Impl: HTTP request retry count = 0
2019-06-21 11:39:16,426 INFO o.a.j.t.JMeterThread: Thread started: Thread Group 1-11
2019-06-21 11:39:16,428 INFO o.a.j.t.ThreadGroup: Started thread group number 1
2019-06-21 11:39:16,428 INFO o.a.j.e.StandardJMeterEngine: All thread groups have been started
2019-06-21 11:39:16,428 INFO o.a.j.s.SampleResult: Note: Sample TimeStamps are START times
2019-06-21 11:39:16,428 INFO o.a.j.s.SampleResult: sampleresult.default.encoding is set to ISO-8859-1
2019-06-21 11:39:16,431 INFO o.a.j.s.SampleResult: sampleresult.useNanoTime=true
2019-06-21 11:39:16,431 INFO o.a.j.s.SampleResult: sampleresult.nanoThreadSleep=5000
2019-06-21 11:39:16,436 INFO o.a.j.t.JMeterThread: Thread started: Thread Group 1-12
2019-06-21 11:39:16,446 INFO o.a.j.t.JMeterThread: Thread started: Thread Group 1-13
2019-06-21 11:39:16,456 INFO o.a.j.t.JMeterThread: Thread started: Thread Group 1-14
2019-06-21 11:39:16,468 INFO o.a.j.t.JMeterThread: Thread started: Thread Group 1-15
2019-06-21 11:39:16,476 INFO o.a.j.t.JMeterThread: Thread started: Thread Group 1-16
2019-06-21 11:39:16,491 INFO o.a.j.t.JMeterThread: Thread started: Thread Group 1-17
2019-06-21 11:39:16,498 INFO o.a.j.t.JMeterThread: Thread started: Thread Group 1-18
2019-06-21 11:39:16,511 INFO o.a.j.t.JMeterThread: Thread started: Thread Group 1-19
2019-06-21 11:39:16,518 INFO o.a.j.t.JMeterThread: Thread started: Thread Group 1-20
2019-06-21 11:39:16,536 INFO o.a.j.t.JMeterThread: Thread started: Thread Group 1-21
2019-06-21 11:39:16,543 INFO o.a.j.t.JMeterThread: Thread started: Thread Group 1-22
2019-06-21 11:39:16,556 INFO o.a.j.t.JMeterThread: Thread started: Thread Group 1-23
2019-06-21 11:39:16,563 INFO o.a.j.t.JMeterThread: Thread started: Thread Group 1-24
2019-06-21 11:39:16,576 INFO o.a.j.t.JMeterThread: Thread started: Thread Group 1-25
2019-06-21 11:39:16,586 INFO o.a.j.t.JMeterThread: Thread started: Thread Group 1-26
2019-06-21 11:39:16,598 INFO o.a.j.t.JMeterThread: Thread started: Thread Group 1-27
2019-06-21 11:39:16,623 INFO o.a.j.t.JMeterThread: Thread started: Thread Group 1-28
2019-06-21 11:39:16,643 INFO o.a.j.t.JMeterThread: Thread started: Thread Group 1-30
2019-06-21 11:39:16,653 INFO o.a.j.t.JMeterThread: Thread started: Thread Group 1-31
2019-06-21 11:39:16,663 INFO o.a.j.t.JMeterThread: Thread started: Thread Group 1-29
2019-06-21 11:39:16,676 INFO o.a.j.t.JMeterThread: Thread started: Thread Group 1-32
2019-06-21 11:39:16,688 INFO o.a.j.t.JMeterThread: Thread started: Thread Group 1-33
2019-06-21 11:39:16,696 INFO o.a.j.t.JMeterThread: Thread started: Thread Group 1-34
2019-06-21 11:39:16,716 INFO o.a.j.t.JMeterThread: Thread started: Thread Group 1-36
2019-06-21 11:39:16,723 INFO o.a.j.t.JMeterThread: Thread started: Thread Group 1-35
2019-06-21 11:39:16,728 INFO o.a.j.t.JMeterThread: Thread started: Thread Group 1-37
2019-06-21 11:39:16,738 INFO o.a.j.t.JMeterThread: Thread started: Thread Group 1-38
2019-06-21 11:39:16,756 INFO o.a.j.t.JMeterThread: Thread started: Thread Group 1-39
2019-06-21 11:39:16,766 INFO o.a.j.t.JMeterThread: Thread started: Thread Group 1-40
2019-06-21 11:39:16,771 INFO o.a.j.t.JMeterThread: Thread started: Thread Group 1-41
2019-06-21 11:39:16,783 INFO o.a.j.t.JMeterThread: Thread started: Thread Group 1-42
2019-06-21 11:39:16,801 INFO o.a.j.t.JMeterThread: Thread started: Thread Group 1-44
2019-06-21 11:39:16,801 INFO o.a.j.t.JMeterThread: Thread started: Thread Group 1-43
2019-06-21 11:39:16,811 INFO o.a.j.t.JMeterThread: Thread started: Thread Group 1-45
2019-06-21 11:39:16,843 INFO o.a.j.t.JMeterThread: Thread started: Thread Group 1-47
2019-06-21 11:39:16,861 INFO o.a.j.t.JMeterThread: Thread started: Thread Group 1-46
2019-06-21 11:39:16,866 INFO o.a.j.t.JMeterThread: Thread started: Thread Group 1-50
2019-06-21 11:39:16,878 INFO o.a.j.t.JMeterThread: Thread started: Thread Group 1-51
2019-06-21 11:39:16,883 INFO o.a.j.t.JMeterThread: Thread started: Thread Group 1-48
2019-06-21 11:39:16,888 INFO o.a.j.t.JMeterThread: Thread started: Thread Group 1-52
2019-06-21 11:39:16,906 INFO o.a.j.t.JMeterThread: Thread started: Thread Group 1-49
2019-06-21 11:39:16,911 INFO o.a.j.t.JMeterThread: Thread started: Thread Group 1-54
2019-06-21 11:39:16,921 INFO o.a.j.t.JMeterThread: Thread started: Thread Group 1-55
2019-06-21 11:39:16,956 INFO o.a.j.t.JMeterThread: Thread started: Thread Group 1-53
2019-06-21 11:39:16,961 INFO o.a.j.t.JMeterThread: Thread started: Thread Group 1-56
2019-06-21 11:39:16,963 INFO o.a.j.t.JMeterThread: Thread started: Thread Group 1-59
2019-06-21 11:39:16,988 INFO o.a.j.t.JMeterThread: Thread started: Thread Group 1-58
2019-06-21 11:39:16,988 INFO o.a.j.t.JMeterThread: Thread started: Thread Group 1-57
2019-06-21 11:39:17,003 INFO o.a.j.t.JMeterThread: Thread started: Thread Group 1-62
2019-06-21 11:39:17,006 INFO o.a.j.t.JMeterThread: Thread started: Thread Group 1-60
2019-06-21 11:39:17,028 INFO o.a.j.t.JMeterThread: Thread started: Thread Group 1-63
2019-06-21 11:39:17,036 INFO o.a.j.t.JMeterThread: Thread started: Thread Group 1-61
2019-06-21 11:39:17,041 INFO o.a.j.t.JMeterThread: Thread started: Thread Group 1-64
2019-06-21 11:39:17,053 INFO o.a.j.t.JMeterThread: Thread started: Thread Group 1-66
2019-06-21 11:39:17,061 INFO o.a.j.t.JMeterThread: Thread started: Thread Group 1-65
2019-06-21 11:39:17,083 INFO o.a.j.t.JMeterThread: Thread started: Thread Group 1-68
2019-06-21 11:39:17,091 INFO o.a.j.t.JMeterThread: Thread started: Thread Group 1-67
2019-06-21 11:39:17,101 INFO o.a.j.t.JMeterThread: Thread started: Thread Group 1-69
2019-06-21 11:39:17,106 INFO o.a.j.t.JMeterThread: Thread started: Thread Group 1-70
2019-06-21 11:39:17,116 INFO o.a.j.t.JMeterThread: Thread started: Thread Group 1-71
2019-06-21 11:39:17,121 INFO o.a.j.t.JMeterThread: Thread started: Thread Group 1-72
2019-06-21 11:39:17,136 INFO o.a.j.t.JMeterThread: Thread started: Thread Group 1-74
2019-06-21 11:39:17,153 INFO o.a.j.t.JMeterThread: Thread started: Thread Group 1-73
2019-06-21 11:39:17,158 INFO o.a.j.t.JMeterThread: Thread started: Thread Group 1-75
2019-06-21 11:39:17,168 INFO o.a.j.t.JMeterThread: Thread started: Thread Group 1-76
2019-06-21 11:39:17,176 INFO o.a.j.t.JMeterThread: Thread started: Thread Group 1-78
2019-06-21 11:39:17,193 INFO o.a.j.t.JMeterThread: Thread started: Thread Group 1-77
2019-06-21 11:39:17,198 INFO o.a.j.t.JMeterThread: Thread started: Thread Group 1-79
2019-06-21 11:39:17,218 INFO o.a.j.t.JMeterThread: Thread started: Thread Group 1-80
2019-06-21 11:39:17,228 INFO o.a.j.t.JMeterThread: Thread started: Thread Group 1-82
2019-06-21 11:39:17,231 INFO o.a.j.t.JMeterThread: Thread started: Thread Group 1-83
2019-06-21 11:39:17,233 INFO o.a.j.t.JMeterThread: Thread started: Thread Group 1-81
2019-06-21 11:39:17,251 INFO o.a.j.t.JMeterThread: Thread started: Thread Group 1-84
2019-06-21 11:39:17,266 INFO o.a.j.t.JMeterThread: Thread started: Thread Group 1-86
2019-06-21 11:39:17,273 INFO o.a.j.t.JMeterThread: Thread started: Thread Group 1-85
2019-06-21 11:39:17,281 INFO o.a.j.t.JMeterThread: Thread started: Thread Group 1-87
2019-06-21 11:39:17,293 INFO o.a.j.t.JMeterThread: Thread started: Thread Group 1-88
2019-06-21 11:39:17,313 INFO o.a.j.t.JMeterThread: Thread started: Thread Group 1-90
2019-06-21 11:39:17,313 INFO o.a.j.t.JMeterThread: Thread started: Thread Group 1-89
2019-06-21 11:39:17,323 INFO o.a.j.t.JMeterThread: Thread started: Thread Group 1-91
2019-06-21 11:39:17,331 INFO o.a.j.t.JMeterThread: Thread started: Thread Group 1-92
2019-06-21 11:39:17,343 INFO o.a.j.t.JMeterThread: Thread started: Thread Group 1-93
2019-06-21 11:39:17,363 INFO o.a.j.t.JMeterThread: Thread started: Thread Group 1-94
2019-06-21 11:39:17,366 INFO o.a.j.t.JMeterThread: Thread started: Thread Group 1-95
2019-06-21 11:39:17,383 INFO o.a.j.t.JMeterThread: Thread started: Thread Group 1-96
2019-06-21 11:39:17,396 INFO o.a.j.t.JMeterThread: Thread started: Thread Group 1-97
2019-06-21 11:39:17,406 INFO o.a.j.t.JMeterThread: Thread started: Thread Group 1-98
2019-06-21 11:39:17,411 INFO o.a.j.t.JMeterThread: Thread started: Thread Group 1-99
2019-06-21 11:39:17,418 INFO o.a.j.t.JMeterThread: Thread started: Thread Group 1-100
2019-06-21 11:39:18,622 INFO o.a.j.u.JsseSSLManager: Using default SSL protocol: TLS
2019-06-21 11:39:18,622 INFO o.a.j.u.JsseSSLManager: SSL session context: per-thread
2019-06-21 11:39:24,508 INFO o.a.j.t.JMeterThread: Thread is done: Thread Group 1-27
2019-06-21 11:39:24,508 INFO o.a.j.t.JMeterThread: Thread finished: Thread Group 1-27
2019-06-21 11:39:24,589 INFO o.a.j.t.JMeterThread: Thread is done: Thread Group 1-72
2019-06-21 11:39:24,589 INFO o.a.j.t.JMeterThread: Thread finished: Thread Group 1-72
2019-06-21 11:39:25,123 INFO o.a.j.t.JMeterThread: Thread is done: Thread Group 1-13
2019-06-21 11:39:25,123 INFO o.a.j.t.JMeterThread: Thread finished: Thread Group 1-13
2019-06-21 11:39:25,154 INFO o.a.j.t.JMeterThread: Thread is done: Thread Group 1-32
2019-06-21 11:39:25,155 INFO o.a.j.t.JMeterThread: Thread finished: Thread Group 1-32
2019-06-21 11:39:25,275 INFO o.a.j.t.JMeterThread: Thread is done: Thread Group 1-31
2019-06-21 11:39:25,275 INFO o.a.j.t.JMeterThread: Thread finished: Thread Group 1-31
2019-06-21 11:39:25,346 INFO o.a.j.t.JMeterThread: Thread is done: Thread Group 1-67
2019-06-21 11:39:25,346 INFO o.a.j.t.JMeterThread: Thread finished: Thread Group 1-67
2019-06-21 11:39:25,555 INFO o.a.j.t.JMeterThread: Thread is done: Thread Group 1-46
2019-06-21 11:39:25,555 INFO o.a.j.t.JMeterThread: Thread finished: Thread Group 1-46
2019-06-21 11:39:25,571 INFO o.a.j.t.JMeterThread: Thread is done: Thread Group 1-49
2019-06-21 11:39:25,571 INFO o.a.j.t.JMeterThread: Thread finished: Thread Group 1-49
2019-06-21 11:39:25,582 INFO o.a.j.t.JMeterThread: Thread is done: Thread Group 1-85
2019-06-21 11:39:25,582 INFO o.a.j.t.JMeterThread: Thread finished: Thread Group 1-85
2019-06-21 11:39:25,628 INFO o.a.j.t.JMeterThread: Thread is done: Thread Group 1-99
2019-06-21 11:39:25,628 INFO o.a.j.t.JMeterThread: Thread finished: Thread Group 1-99
2019-06-21 11:39:25,660 INFO o.a.j.t.JMeterThread: Thread is done: Thread Group 1-47
2019-06-21 11:39:25,660 INFO o.a.j.t.JMeterThread: Thread finished: Thread Group 1-47
2019-06-21 11:39:25,668 INFO o.a.j.t.JMeterThread: Thread is done: Thread Group 1-23
2019-06-21 11:39:25,668 INFO o.a.j.t.JMeterThread: Thread finished: Thread Group 1-23
2019-06-21 11:39:25,691 INFO o.a.j.t.JMeterThread: Thread is done: Thread Group 1-18
2019-06-21 11:39:25,691 INFO o.a.j.t.JMeterThread: Thread finished: Thread Group 1-18
2019-06-21 11:39:25,695 INFO o.a.j.t.JMeterThread: Thread is done: Thread Group 1-58
2019-06-21 11:39:25,695 INFO o.a.j.t.JMeterThread: Thread finished: Thread Group 1-58
2019-06-21 11:39:25,696 INFO o.a.j.t.JMeterThread: Thread is done: Thread Group 1-14
2019-06-21 11:39:25,696 INFO o.a.j.t.JMeterThread: Thread finished: Thread Group 1-14
2019-06-21 11:39:25,711 INFO o.a.j.t.JMeterThread: Thread is done: Thread Group 1-9
2019-06-21 11:39:25,711 INFO o.a.j.t.JMeterThread: Thread finished: Thread Group 1-9
2019-06-21 11:39:25,715 INFO o.a.j.t.JMeterThread: Thread is done: Thread Group 1-1
2019-06-21 11:39:25,715 INFO o.a.j.t.JMeterThread: Thread finished: Thread Group 1-1
2019-06-21 11:39:25,767 INFO o.a.j.t.JMeterThread: Thread is done: Thread Group 1-89
2019-06-21 11:39:25,767 INFO o.a.j.t.JMeterThread: Thread finished: Thread Group 1-89
2019-06-21 11:39:25,781 INFO o.a.j.t.JMeterThread: Thread is done: Thread Group 1-7
2019-06-21 11:39:25,781 INFO o.a.j.t.JMeterThread: Thread finished: Thread Group 1-7
2019-06-21 11:39:25,851 INFO o.a.j.t.JMeterThread: Thread is done: Thread Group 1-66
2019-06-21 11:39:25,851 INFO o.a.j.t.JMeterThread: Thread finished: Thread Group 1-66
2019-06-21 11:39:25,980 INFO o.a.j.t.JMeterThread: Thread is done: Thread Group 1-6
2019-06-21 11:39:25,980 INFO o.a.j.t.JMeterThread: Thread is done: Thread Group 1-20
2019-06-21 11:39:25,980 INFO o.a.j.t.JMeterThread: Thread finished: Thread Group 1-6
2019-06-21 11:39:25,980 INFO o.a.j.t.JMeterThread: Thread finished: Thread Group 1-20
2019-06-21 11:39:26,014 INFO o.a.j.t.JMeterThread: Thread is done: Thread Group 1-82
2019-06-21 11:39:26,014 INFO o.a.j.t.JMeterThread: Thread finished: Thread Group 1-82
2019-06-21 11:39:26,114 INFO o.a.j.t.JMeterThread: Thread is done: Thread Group 1-92
2019-06-21 11:39:26,115 INFO o.a.j.t.JMeterThread: Thread finished: Thread Group 1-92
2019-06-21 11:39:26,124 INFO o.a.j.t.JMeterThread: Thread is done: Thread Group 1-93
2019-06-21 11:39:26,125 INFO o.a.j.t.JMeterThread: Thread finished: Thread Group 1-93
2019-06-21 11:39:26,138 INFO o.a.j.t.JMeterThread: Thread is done: Thread Group 1-61
2019-06-21 11:39:26,142 INFO o.a.j.t.JMeterThread: Thread finished: Thread Group 1-61
2019-06-21 11:39:26,143 INFO o.a.j.t.JMeterThread: Thread is done: Thread Group 1-3
2019-06-21 11:39:26,143 INFO o.a.j.t.JMeterThread: Thread finished: Thread Group 1-3
2019-06-21 11:39:26,156 INFO o.a.j.t.JMeterThread: Thread is done: Thread Group 1-5
2019-06-21 11:39:26,157 INFO o.a.j.t.JMeterThread: Thread finished: Thread Group 1-5
2019-06-21 11:39:26,180 INFO o.a.j.t.JMeterThread: Thread is done: Thread Group 1-34
2019-06-21 11:39:26,180 INFO o.a.j.t.JMeterThread: Thread finished: Thread Group 1-34
2019-06-21 11:39:26,223 INFO o.a.j.t.JMeterThread: Thread is done: Thread Group 1-64
2019-06-21 11:39:26,223 INFO o.a.j.t.JMeterThread: Thread finished: Thread Group 1-64
2019-06-21 11:39:26,242 INFO o.a.j.t.JMeterThread: Thread is done: Thread Group 1-96
2019-06-21 11:39:26,243 INFO o.a.j.t.JMeterThread: Thread finished: Thread Group 1-96
2019-06-21 11:39:26,263 INFO o.a.j.t.JMeterThread: Thread is done: Thread Group 1-43
2019-06-21 11:39:26,264 INFO o.a.j.t.JMeterThread: Thread finished: Thread Group 1-43
2019-06-21 11:39:26,273 INFO o.a.j.t.JMeterThread: Thread is done: Thread Group 1-62
2019-06-21 11:39:26,274 INFO o.a.j.t.JMeterThread: Thread finished: Thread Group 1-62
2019-06-21 11:39:26,279 INFO o.a.j.t.JMeterThread: Thread is done: Thread Group 1-44
2019-06-21 11:39:26,279 INFO o.a.j.t.JMeterThread: Thread finished: Thread Group 1-44
2019-06-21 11:39:26,281 INFO o.a.j.t.JMeterThread: Thread is done: Thread Group 1-40
2019-06-21 11:39:26,282 INFO o.a.j.t.JMeterThread: Thread finished: Thread Group 1-40
2019-06-21 11:39:26,303 INFO o.a.j.t.JMeterThread: Thread is done: Thread Group 1-24
2019-06-21 11:39:26,303 INFO o.a.j.t.JMeterThread: Thread finished: Thread Group 1-24
2019-06-21 11:39:26,305 INFO o.a.j.t.JMeterThread: Thread is done: Thread Group 1-70
2019-06-21 11:39:26,305 INFO o.a.j.t.JMeterThread: Thread finished: Thread Group 1-70
2019-06-21 11:39:26,357 INFO o.a.j.t.JMeterThread: Thread is done: Thread Group 1-80
2019-06-21 11:39:26,357 INFO o.a.j.t.JMeterThread: Thread finished: Thread Group 1-80
2019-06-21 11:39:26,365 INFO o.a.j.t.JMeterThread: Thread is done: Thread Group 1-94
2019-06-21 11:39:26,366 INFO o.a.j.t.JMeterThread: Thread finished: Thread Group 1-94
2019-06-21 11:39:26,378 INFO o.a.j.t.JMeterThread: Thread is done: Thread Group 1-60
2019-06-21 11:39:26,378 INFO o.a.j.t.JMeterThread: Thread finished: Thread Group 1-60
2019-06-21 11:39:26,380 INFO o.a.j.t.JMeterThread: Thread is done: Thread Group 1-11
2019-06-21 11:39:26,380 INFO o.a.j.t.JMeterThread: Thread finished: Thread Group 1-11
2019-06-21 11:39:26,381 INFO o.a.j.t.JMeterThread: Thread is done: Thread Group 1-100
2019-06-21 11:39:26,382 INFO o.a.j.t.JMeterThread: Thread finished: Thread Group 1-100
2019-06-21 11:39:26,466 INFO o.a.j.t.JMeterThread: Thread is done: Thread Group 1-8
2019-06-21 11:39:26,466 INFO o.a.j.t.JMeterThread: Thread finished: Thread Group 1-8
2019-06-21 11:39:26,472 INFO o.a.j.t.JMeterThread: Thread is done: Thread Group 1-38
2019-06-21 11:39:26,472 INFO o.a.j.t.JMeterThread: Thread finished: Thread Group 1-38
2019-06-21 11:39:26,487 INFO o.a.j.t.JMeterThread: Thread is done: Thread Group 1-71
2019-06-21 11:39:26,488 INFO o.a.j.t.JMeterThread: Thread finished: Thread Group 1-71
2019-06-21 11:39:26,489 INFO o.a.j.t.JMeterThread: Thread is done: Thread Group 1-25
2019-06-21 11:39:26,489 INFO o.a.j.t.JMeterThread: Thread finished: Thread Group 1-25
2019-06-21 11:39:26,514 INFO o.a.j.t.JMeterThread: Thread is done: Thread Group 1-48
2019-06-21 11:39:26,514 INFO o.a.j.t.JMeterThread: Thread is done: Thread Group 1-30
2019-06-21 11:39:26,514 INFO o.a.j.t.JMeterThread: Thread finished: Thread Group 1-48
2019-06-21 11:39:26,515 INFO o.a.j.t.JMeterThread: Thread finished: Thread Group 1-30
2019-06-21 11:39:26,552 INFO o.a.j.t.JMeterThread: Thread is done: Thread Group 1-91
2019-06-21 11:39:26,553 INFO o.a.j.t.JMeterThread: Thread finished: Thread Group 1-91
2019-06-21 11:39:26,553 INFO o.a.j.t.JMeterThread: Thread is done: Thread Group 1-26
2019-06-21 11:39:26,553 INFO o.a.j.t.JMeterThread: Thread finished: Thread Group 1-26
2019-06-21 11:39:26,556 INFO o.a.j.t.JMeterThread: Thread is done: Thread Group 1-21
2019-06-21 11:39:26,556 INFO o.a.j.t.JMeterThread: Thread finished: Thread Group 1-21
2019-06-21 11:39:26,577 INFO o.a.j.t.JMeterThread: Thread is done: Thread Group 1-53
2019-06-21 11:39:26,577 INFO o.a.j.t.JMeterThread: Thread finished: Thread Group 1-53
2019-06-21 11:39:26,581 INFO o.a.j.t.JMeterThread: Thread is done: Thread Group 1-88
2019-06-21 11:39:26,581 INFO o.a.j.t.JMeterThread: Thread finished: Thread Group 1-88
2019-06-21 11:39:26,584 INFO o.a.j.t.JMeterThread: Thread is done: Thread Group 1-54
2019-06-21 11:39:26,584 INFO o.a.j.t.JMeterThread: Thread finished: Thread Group 1-54
2019-06-21 11:39:26,609 INFO o.a.j.t.JMeterThread: Thread is done: Thread Group 1-56
2019-06-21 11:39:26,609 INFO o.a.j.t.JMeterThread: Thread finished: Thread Group 1-56
2019-06-21 11:39:26,614 INFO o.a.j.t.JMeterThread: Thread is done: Thread Group 1-86
2019-06-21 11:39:26,614 INFO o.a.j.t.JMeterThread: Thread finished: Thread Group 1-86
2019-06-21 11:39:26,627 INFO o.a.j.t.JMeterThread: Thread is done: Thread Group 1-39
2019-06-21 11:39:26,627 INFO o.a.j.t.JMeterThread: Thread finished: Thread Group 1-39
2019-06-21 11:39:26,631 INFO o.a.j.t.JMeterThread: Thread is done: Thread Group 1-45
2019-06-21 11:39:26,632 INFO o.a.j.t.JMeterThread: Thread finished: Thread Group 1-45
2019-06-21 11:39:26,639 INFO o.a.j.t.JMeterThread: Thread is done: Thread Group 1-95
2019-06-21 11:39:26,640 INFO o.a.j.t.JMeterThread: Thread finished: Thread Group 1-95
2019-06-21 11:39:26,646 INFO o.a.j.t.JMeterThread: Thread is done: Thread Group 1-4
2019-06-21 11:39:26,646 INFO o.a.j.t.JMeterThread: Thread finished: Thread Group 1-4
2019-06-21 11:39:26,670 INFO o.a.j.t.JMeterThread: Thread is done: Thread Group 1-74
2019-06-21 11:39:26,670 INFO o.a.j.t.JMeterThread: Thread finished: Thread Group 1-74
2019-06-21 11:39:26,679 INFO o.a.j.t.JMeterThread: Thread is done: Thread Group 1-69
2019-06-21 11:39:26,680 INFO o.a.j.t.JMeterThread: Thread finished: Thread Group 1-69
2019-06-21 11:39:26,726 INFO o.a.j.t.JMeterThread: Thread is done: Thread Group 1-10
2019-06-21 11:39:26,727 INFO o.a.j.t.JMeterThread: Thread finished: Thread Group 1-10
2019-06-21 11:39:26,732 INFO o.a.j.t.JMeterThread: Thread is done: Thread Group 1-15
2019-06-21 11:39:26,732 INFO o.a.j.t.JMeterThread: Thread is done: Thread Group 1-37
2019-06-21 11:39:26,732 INFO o.a.j.t.JMeterThread: Thread finished: Thread Group 1-15
2019-06-21 11:39:26,732 INFO o.a.j.t.JMeterThread: Thread finished: Thread Group 1-37
2019-06-21 11:39:26,733 INFO o.a.j.t.JMeterThread: Thread is done: Thread Group 1-65
2019-06-21 11:39:26,734 INFO o.a.j.t.JMeterThread: Thread finished: Thread Group 1-65
2019-06-21 11:39:26,769 INFO o.a.j.t.JMeterThread: Thread is done: Thread Group 1-19
2019-06-21 11:39:26,770 INFO o.a.j.t.JMeterThread: Thread finished: Thread Group 1-19
2019-06-21 11:39:26,777 INFO o.a.j.t.JMeterThread: Thread is done: Thread Group 1-83
2019-06-21 11:39:26,778 INFO o.a.j.t.JMeterThread: Thread finished: Thread Group 1-83
2019-06-21 11:39:26,785 INFO o.a.j.t.JMeterThread: Thread is done: Thread Group 1-59
2019-06-21 11:39:26,786 INFO o.a.j.t.JMeterThread: Thread finished: Thread Group 1-59
2019-06-21 11:39:26,791 INFO o.a.j.t.JMeterThread: Thread is done: Thread Group 1-2
2019-06-21 11:39:26,791 INFO o.a.j.t.JMeterThread: Thread finished: Thread Group 1-2
2019-06-21 11:39:26,798 INFO o.a.j.t.JMeterThread: Thread is done: Thread Group 1-28
2019-06-21 11:39:26,798 INFO o.a.j.t.JMeterThread: Thread finished: Thread Group 1-28
2019-06-21 11:39:26,815 INFO o.a.j.t.JMeterThread: Thread is done: Thread Group 1-68
2019-06-21 11:39:26,815 INFO o.a.j.t.JMeterThread: Thread finished: Thread Group 1-68
2019-06-21 11:39:26,832 INFO o.a.j.t.JMeterThread: Thread is done: Thread Group 1-98
2019-06-21 11:39:26,833 INFO o.a.j.t.JMeterThread: Thread finished: Thread Group 1-98
2019-06-21 11:39:26,842 INFO o.a.j.t.JMeterThread: Thread is done: Thread Group 1-63
2019-06-21 11:39:26,842 INFO o.a.j.t.JMeterThread: Thread finished: Thread Group 1-63
2019-06-21 11:39:26,854 INFO o.a.j.t.JMeterThread: Thread is done: Thread Group 1-42
2019-06-21 11:39:26,854 INFO o.a.j.t.JMeterThread: Thread finished: Thread Group 1-42
2019-06-21 11:39:26,874 INFO o.a.j.t.JMeterThread: Thread is done: Thread Group 1-36
2019-06-21 11:39:26,874 INFO o.a.j.t.JMeterThread: Thread finished: Thread Group 1-36
2019-06-21 11:39:26,893 INFO o.a.j.t.JMeterThread: Thread is done: Thread Group 1-81
2019-06-21 11:39:26,894 INFO o.a.j.t.JMeterThread: Thread finished: Thread Group 1-81
2019-06-21 11:39:26,922 INFO o.a.j.t.JMeterThread: Thread is done: Thread Group 1-50
2019-06-21 11:39:26,922 INFO o.a.j.t.JMeterThread: Thread finished: Thread Group 1-50
2019-06-21 11:39:26,928 INFO o.a.j.t.JMeterThread: Thread is done: Thread Group 1-55
2019-06-21 11:39:26,928 INFO o.a.j.t.JMeterThread: Thread is done: Thread Group 1-35
2019-06-21 11:39:26,928 INFO o.a.j.t.JMeterThread: Thread finished: Thread Group 1-35
2019-06-21 11:39:26,928 INFO o.a.j.t.JMeterThread: Thread finished: Thread Group 1-55
2019-06-21 11:39:26,934 INFO o.a.j.t.JMeterThread: Thread is done: Thread Group 1-52
2019-06-21 11:39:26,934 INFO o.a.j.t.JMeterThread: Thread finished: Thread Group 1-52
2019-06-21 11:39:26,948 INFO o.a.j.t.JMeterThread: Thread is done: Thread Group 1-87
2019-06-21 11:39:26,949 INFO o.a.j.t.JMeterThread: Thread finished: Thread Group 1-87
2019-06-21 11:39:26,949 INFO o.a.j.t.JMeterThread: Thread is done: Thread Group 1-76
2019-06-21 11:39:26,949 INFO o.a.j.t.JMeterThread: Thread finished: Thread Group 1-76
2019-06-21 11:39:26,949 INFO o.a.j.t.JMeterThread: Thread is done: Thread Group 1-41
2019-06-21 11:39:26,949 INFO o.a.j.t.JMeterThread: Thread finished: Thread Group 1-41
2019-06-21 11:39:26,957 INFO o.a.j.t.JMeterThread: Thread is done: Thread Group 1-75
2019-06-21 11:39:26,957 INFO o.a.j.t.JMeterThread: Thread finished: Thread Group 1-75
2019-06-21 11:39:26,967 INFO o.a.j.t.JMeterThread: Thread is done: Thread Group 1-97
2019-06-21 11:39:26,967 INFO o.a.j.t.JMeterThread: Thread finished: Thread Group 1-97
2019-06-21 11:39:26,967 INFO o.a.j.t.JMeterThread: Thread is done: Thread Group 1-84
2019-06-21 11:39:26,967 INFO o.a.j.t.JMeterThread: Thread finished: Thread Group 1-84
2019-06-21 11:39:26,967 INFO o.a.j.t.JMeterThread: Thread is done: Thread Group 1-33
2019-06-21 11:39:26,968 INFO o.a.j.t.JMeterThread: Thread finished: Thread Group 1-33
2019-06-21 11:39:26,968 INFO o.a.j.t.JMeterThread: Thread is done: Thread Group 1-22
2019-06-21 11:39:26,968 INFO o.a.j.t.JMeterThread: Thread finished: Thread Group 1-22
2019-06-21 11:39:26,970 INFO o.a.j.t.JMeterThread: Thread is done: Thread Group 1-51
2019-06-21 11:39:26,970 INFO o.a.j.t.JMeterThread: Thread finished: Thread Group 1-51
2019-06-21 11:39:26,971 INFO o.a.j.t.JMeterThread: Thread is done: Thread Group 1-29
2019-06-21 11:39:26,971 INFO o.a.j.t.JMeterThread: Thread finished: Thread Group 1-29
2019-06-21 11:39:26,972 INFO o.a.j.t.JMeterThread: Thread is done: Thread Group 1-17
2019-06-21 11:39:26,972 INFO o.a.j.t.JMeterThread: Thread finished: Thread Group 1-17
2019-06-21 11:39:26,973 INFO o.a.j.t.JMeterThread: Thread is done: Thread Group 1-90
2019-06-21 11:39:26,973 INFO o.a.j.t.JMeterThread: Thread finished: Thread Group 1-90
2019-06-21 11:39:26,989 INFO o.a.j.t.JMeterThread: Thread is done: Thread Group 1-78
2019-06-21 11:39:26,989 INFO o.a.j.t.JMeterThread: Thread finished: Thread Group 1-78
2019-06-21 11:39:26,993 INFO o.a.j.t.JMeterThread: Thread is done: Thread Group 1-73
2019-06-21 11:39:26,993 INFO o.a.j.t.JMeterThread: Thread finished: Thread Group 1-73
2019-06-21 11:39:27,013 INFO o.a.j.t.JMeterThread: Thread is done: Thread Group 1-77
2019-06-21 11:39:27,013 INFO o.a.j.t.JMeterThread: Thread finished: Thread Group 1-77
2019-06-21 11:39:27,021 INFO o.a.j.t.JMeterThread: Thread is done: Thread Group 1-79
2019-06-21 11:39:27,021 INFO o.a.j.t.JMeterThread: Thread is done: Thread Group 1-57
2019-06-21 11:39:27,021 INFO o.a.j.t.JMeterThread: Thread finished: Thread Group 1-79
2019-06-21 11:39:27,021 INFO o.a.j.t.JMeterThread: Thread finished: Thread Group 1-57
2019-06-21 11:39:27,028 INFO o.a.j.t.JMeterThread: Thread is done: Thread Group 1-16
2019-06-21 11:39:27,029 INFO o.a.j.t.JMeterThread: Thread finished: Thread Group 1-16
2019-06-21 11:39:27,045 INFO o.a.j.t.JMeterThread: Thread is done: Thread Group 1-12
2019-06-21 11:39:27,045 INFO o.a.j.t.JMeterThread: Thread finished: Thread Group 1-12
2019-06-21 11:39:27,046 INFO o.a.j.e.StandardJMeterEngine: Notifying test listeners of end of test
2019-06-21 11:39:27,048 INFO o.a.j.r.Summariser: summary =   1000 in 00:00:11 =   91.8/s Avg:   946 Min:    23 Max:  3190 Err:     0 (0.00%)
